2023-12-16 10:49:10,031 [DEBUG] CloudFormation client initialized with endpoint https://cloudformation.eu-central-1.amazonaws.com
2023-12-16 10:49:10,032 [DEBUG] SQS client initialized with endpoint https://sqs.eu-central-1.amazonaws.com
2023-12-16 10:49:10,032 [DEBUG] CloudFormation client initialized with endpoint https://cloudformation.eu-central-1.amazonaws.com
2023-12-16 10:49:10,032 [DEBUG] Enabled single threading mode.
2023-12-16 10:49:10,032 [DEBUG] Creating /var/lib/cfn-hup/data
2023-12-16 10:49:10,042 [INFO] No umask value specified in config file. Using the default one: 0o22
2023-12-16 10:49:11,162 [INFO] Refreshing listener credentials
2023-12-16 10:49:11,400 [INFO] Scheduling next credential refresh in 1799.0 seconds
2023-12-16 10:49:25,118 [INFO] Received command ElasticBeanstalkCommand-AWSEBAutoScalingGroup (invocation id: 0206ff28-ef75-4909-b552-1bc3536a9c74)
2023-12-16 10:49:25,118 [INFO] Running action for aws-eb-command-handler
2023-12-16 10:49:43,606 [INFO] Action for aws-eb-command-handler succeeded, returning SUCCESS
2023-12-16 10:54:24,557 [INFO] command processing is alive.
2023-12-16 10:59:25,439 [INFO] command processing is alive.
2023-12-16 11:04:26,334 [INFO] command processing is alive.
2023-12-16 11:09:27,223 [INFO] command processing is alive.
2023-12-16 11:14:28,112 [INFO] command processing is alive.
2023-12-16 11:17:43,545 [INFO] Received command ElasticBeanstalkCommand-AWSEBAutoScalingGroup (invocation id: 39e02707-573a-46a4-be6a-d94eab8fc6ca)
2023-12-16 11:17:43,545 [INFO] Running action for aws-eb-command-handler
2023-12-16 11:17:52,285 [INFO] Action for aws-eb-command-handler succeeded, returning SUCCESS
2023-12-16 11:19:10,401 [INFO] Refreshing listener credentials
2023-12-16 11:19:10,529 [INFO] Scheduling next credential refresh in 1799.0 seconds
2023-12-16 11:19:32,710 [INFO] command processing is alive.
2023-12-16 11:23:12,731 [INFO] Received command ElasticBeanstalkCommand-AWSEBAutoScalingGroup (invocation id: 3ff1962c-0a5f-4939-a0b2-a26b8ab3981f)
2023-12-16 11:23:12,731 [INFO] Running action for aws-eb-command-handler
