2023-12-16 10:48:56,882 P2295 [INFO] ************************************************************
2023-12-16 10:48:56,883 P2295 [INFO] ConfigSet _OnInstanceBoot
2023-12-16 10:48:56,885 P2295 [INFO] ++++++++++++++++++++++++++++++++++++++++++++++++++++++++++++
2023-12-16 10:48:56,885 P2295 [INFO] Config AWSEBBaseConfig
2023-12-16 10:48:57,509 P2295 [INFO] ============================================================
2023-12-16 10:48:57,509 P2295 [INFO] Command clearbackupfiles
2023-12-16 10:48:57,525 P2295 [INFO] Completed successfully.
2023-12-16 10:48:57,531 P2295 [INFO] ++++++++++++++++++++++++++++++++++++++++++++++++++++++++++++
2023-12-16 10:48:57,531 P2295 [INFO] Config AWSEBCfnHupEndpointOverride
2023-12-16 10:48:57,532 P2295 [INFO] ============================================================
2023-12-16 10:48:57,532 P2295 [INFO] Command clearbackupfiles
2023-12-16 10:48:57,541 P2295 [INFO] Completed successfully.
2023-12-16 10:49:26,940 P2483 [INFO] ************************************************************
2023-12-16 10:49:26,940 P2483 [INFO] ConfigSet Infra-EmbeddedPreBuild
2023-12-16 10:49:41,616 P2730 [INFO] ************************************************************
2023-12-16 10:49:41,616 P2730 [INFO] ConfigSet Infra-EmbeddedPostBuild
2023-12-16 11:17:45,442 P3877 [INFO] ************************************************************
2023-12-16 11:17:45,443 P3877 [INFO] ConfigSet Infra-EmbeddedPreBuild
2023-12-16 11:17:49,526 P4099 [INFO] ************************************************************
2023-12-16 11:17:49,527 P4099 [INFO] ConfigSet Infra-EmbeddedPostBuild
