[2023-12-16T10:48:55Z] Started EB User Data
+ SLEEP_TIME=2
+ SLEEP_TIME_MAX=3600
+ true
+ curl https://elasticbeanstalk-platform-assets-eu-central-1.s3.eu-central-1.amazonaws.com/stalks/eb_corretto17_amazon_linux_2023_1.0.566.0_20231115173937/lib/UserDataScript.sh
  % Total    % Received % Xferd  Average Speed   Time    Time     Time  Current
                                 Dload  Upload   Total   Spent    Left  Speed
  0     0    0     0    0     0      0      0 --:--:-- --:--:-- --:--:--     0100  4627  100  4627    0     0  27114      0 --:--:-- --:--:-- --:--:-- 27217
+ RESULT=0
+ [[ 0 -ne 0 ]]
+ /bin/bash /tmp/ebbootstrap.sh 'https://cloudformation-waitcondition-eu-central-1.s3.eu-central-1.amazonaws.com/arn%3Aaws%3Acloudformation%3Aeu-central-1%3A631114215026%3Astack/awseb-e-2ppg23ttnq-stack/82ba3b00-9c00-11ee-8540-06d8b0529f5d/AWSEBInstanceLaunchWaitHandle?X-Amz-Algorithm=AWS4-HMAC-SHA256&X-Amz-Date=20231216T104734Z&X-Amz-SignedHeaders=host&X-Amz-Expires=86399&X-Amz-Credential=AKIAYYGVRKE7CKDBHLUS%2F20231216%2Feu-central-1%2Fs3%2Faws4_request&X-Amz-Signature=cf7c46a8bcd8321f0f5dcc3dcabd45f6d6c872787760ecd77a177a5f2caef05f' arn:aws:cloudformation:eu-central-1:631114215026:stack/awseb-e-2ppg23ttnq-stack/82ba3b00-9c00-11ee-8540-06d8b0529f5d 80b1da99-24d1-4643-bd24-7f9cd70de91d https://elasticbeanstalk-health.eu-central-1.amazonaws.com '' https://elasticbeanstalk-platform-assets-eu-central-1.s3.eu-central-1.amazonaws.com/stalks/eb_corretto17_amazon_linux_2023_1.0.566.0_20231115173937 eu-central-1
[2023-12-16T10:48:55.791Z] Started EB Bootstrapping Script.
[2023-12-16T10:48:55.880Z] Received parameters:
 TARBALLS = 
 EB_GEMS = 
 SIGNAL_URL = https://cloudformation-waitcondition-eu-central-1.s3.eu-central-1.amazonaws.com/arn%3Aaws%3Acloudformation%3Aeu-central-1%3A631114215026%3Astack/awseb-e-2ppg23ttnq-stack/82ba3b00-9c00-11ee-8540-06d8b0529f5d/AWSEBInstanceLaunchWaitHandle?X-Amz-Algorithm=AWS4-HMAC-SHA256&X-Amz-Date=20231216T104734Z&X-Amz-SignedHeaders=host&X-Amz-Expires=86399&X-Amz-Credential=AKIAYYGVRKE7CKDBHLUS%2F20231216%2Feu-central-1%2Fs3%2Faws4_request&X-Amz-Signature=cf7c46a8bcd8321f0f5dcc3dcabd45f6d6c872787760ecd77a177a5f2caef05f
 STACK_ID = arn:aws:cloudformation:eu-central-1:631114215026:stack/awseb-e-2ppg23ttnq-stack/82ba3b00-9c00-11ee-8540-06d8b0529f5d
 REGION = eu-central-1
 GUID = 
 HEALTHD_GROUP_ID = 80b1da99-24d1-4643-bd24-7f9cd70de91d
 HEALTHD_ENDPOINT = https://elasticbeanstalk-health.eu-central-1.amazonaws.com
 PROXY_SERVER = 
 HEALTHD_PROXY_LOG_LOCATION = 
 PLATFORM_ASSETS_URL = https://elasticbeanstalk-platform-assets-eu-central-1.s3.eu-central-1.amazonaws.com/stalks/eb_corretto17_amazon_linux_2023_1.0.566.0_20231115173937
[2023-12-16T10:48:55.907Z] engine url is set to https://elasticbeanstalk-platform-assets-eu-central-1.s3.eu-central-1.amazonaws.com/stalks/eb_corretto17_amazon_linux_2023_1.0.566.0_20231115173937/lib/platform-engine.zip
[2023-12-16T10:48:55.980Z] first init of instance.
[2023-12-16T10:48:56.987Z] Started executing cfn_init _OnInstanceBoot.
[2023-12-16T10:48:56.016Z] Running cfn-init ConfigSet: _OnInstanceBoot.
[2023-12-16T10:48:56.060Z] Using stack-id from userdata
[2023-12-16T10:48:57.602Z] Command Returned: 
[2023-12-16T10:48:57.620Z] Completed executing cfn_init.
[2023-12-16T10:48:57.630Z] finished _OnInstanceBoot
--2023-12-16 10:48:57--  https://elasticbeanstalk-platform-assets-eu-central-1.s3.eu-central-1.amazonaws.com/stalks/eb_corretto17_amazon_linux_2023_1.0.566.0_20231115173937/lib/platform-engine.zip
Resolving elasticbeanstalk-platform-assets-eu-central-1.s3.eu-central-1.amazonaws.com (elasticbeanstalk-platform-assets-eu-central-1.s3.eu-central-1.amazonaws.com)... 52.219.170.230, 3.5.138.123, 52.219.47.25, ...
Connecting to elasticbeanstalk-platform-assets-eu-central-1.s3.eu-central-1.amazonaws.com (elasticbeanstalk-platform-assets-eu-central-1.s3.eu-central-1.amazonaws.com)|52.219.170.230|:443... connected.
HTTP request sent, awaiting response... 200 OK
Length: 18933646 (18M) [application/zip]
Saving to: ‘/tmp/platform-engine.zip’

     0K .......... .......... .......... .......... ..........  0% 12.9M 1s
    50K .......... .......... .......... .......... ..........  0% 13.5M 1s
   100K .......... .......... .......... .......... ..........  0% 22.8M 1s
   150K .......... .......... .......... .......... ..........  1% 4.69M 2s
   200K .......... .......... .......... .......... ..........  1%  264M 1s
   250K .......... .......... .......... .......... ..........  1%  274M 1s
   300K .......... .......... .......... .......... ..........  1%  263M 1s
   350K .......... .......... .......... .......... ..........  2% 8.01M 1s
   400K .......... .......... .......... .......... ..........  2%  254M 1s
   450K .......... .......... .......... .......... ..........  2%  213M 1s
   500K .......... .......... .......... .......... ..........  2% 3.76M 1s
   550K .......... .......... .......... .......... ..........  3%  255M 1s
   600K .......... .......... .......... .......... ..........  3%  270M 1s
   650K .......... .......... .......... .......... ..........  3%  318M 1s
   700K .......... .......... .......... .......... ..........  4%  313M 1s
   750K .......... .......... .......... .......... ..........  4%  146M 1s
   800K .......... .......... .......... .......... ..........  4%  163M 1s
   850K .......... .......... .......... .......... ..........  4%  285M 1s
   900K .......... .......... .......... .......... ..........  5%  283M 1s
   950K .......... .......... .......... .......... ..........  5%  278M 1s
  1000K .......... .......... .......... .......... ..........  5%  293M 1s
  1050K .......... .......... .......... .......... ..........  5%  146M 1s
  1100K .......... .......... .......... .......... ..........  6%  191M 1s
  1150K .......... .......... .......... .......... ..........  6%  279M 1s
  1200K .......... .......... .......... .......... ..........  6%  243M 1s
  1250K .......... .......... .......... .......... ..........  7%  293M 1s
  1300K .......... .......... .......... .......... ..........  7%  204M 1s
  1350K .......... .......... .......... .......... ..........  7%  142M 1s
  1400K .......... .......... .......... .......... ..........  7%  270M 1s
  1450K .......... .......... .......... .......... ..........  8%  283M 0s
  1500K .......... .......... .......... .......... ..........  8%  329M 0s
  1550K .......... .......... .......... .......... ..........  8%  189M 0s
  1600K .......... .......... .......... .......... ..........  8%  148M 0s
  1650K .......... .......... .......... .......... ..........  9%  267M 0s
  1700K .......... .......... .......... .......... ..........  9%  292M 0s
  1750K .......... .......... .......... .......... ..........  9%  284M 0s
  1800K .......... .......... .......... .......... .......... 10%  149M 0s
  1850K .......... .......... .......... .......... .......... 10%  170M 0s
  1900K .......... .......... .......... .......... .......... 10%  285M 0s
  1950K .......... .......... .......... .......... .......... 10%  310M 0s
  2000K .......... .......... .......... .......... .......... 11%  191M 0s
  2050K .......... .......... .......... .......... .......... 11%  220M 0s
  2100K .......... .......... .......... .......... .......... 11%  150M 0s
  2150K .......... .......... .......... .......... .......... 11%  249M 0s
  2200K .......... .......... .......... .......... .......... 12%  286M 0s
  2250K .......... .......... .......... .......... .......... 12%  298M 0s
  2300K .......... .......... .......... .......... .......... 12%  280M 0s
  2350K .......... .......... .......... .......... .......... 12%  326M 0s
  2400K .......... .......... .......... .......... .......... 13%  219M 0s
  2450K .......... .......... .......... .......... .......... 13%  297M 0s
  2500K .......... .......... .......... .......... .......... 13% 2.60M 0s
  2550K .......... .......... .......... .......... .......... 14% 3.78M 0s
  2600K .......... .......... .......... .......... .......... 14% 89.5M 0s
  2650K .......... .......... .......... .......... .......... 14% 66.7M 0s
  2700K .......... .......... .......... .......... .......... 14% 5.36M 1s
  2750K .......... .......... .......... .......... .......... 15% 70.9M 1s
  2800K .......... .......... .......... .......... .......... 15% 53.5M 1s
  2850K .......... .......... .......... .......... .......... 15% 92.3M 0s
  2900K .......... .......... .......... .......... .......... 15% 46.0M 0s
  2950K .......... .......... .......... .......... .......... 16% 91.3M 0s
  3000K .......... .......... .......... .......... .......... 16% 73.0M 0s
  3050K .......... .......... .......... .......... .......... 16% 29.5M 0s
  3100K .......... .......... .......... .......... .......... 17% 98.0M 0s
  3150K .......... .......... .......... .......... .......... 17% 87.5M 0s
  3200K .......... .......... .......... .......... .......... 17% 86.1M 0s
  3250K .......... .......... .......... .......... .......... 17% 20.3M 0s
  3300K .......... .......... .......... .......... .......... 18% 46.9M 0s
  3350K .......... .......... .......... .......... .......... 18% 5.67M 0s
  3400K .......... .......... .......... .......... .......... 18% 94.4M 0s
  3450K .......... .......... .......... .......... .......... 18% 46.1M 0s
  3500K .......... .......... .......... .......... .......... 19% 49.8M 0s
  3550K .......... .......... .......... .......... .......... 19% 2.77M 1s
  3600K .......... .......... .......... .......... .......... 19% 81.6M 1s
  3650K .......... .......... .......... .......... .......... 20% 81.9M 1s
  3700K .......... .......... .......... .......... .......... 20% 26.6M 1s
  3750K .......... .......... .......... .......... .......... 20% 95.4M 1s
  3800K .......... .......... .......... .......... .......... 20% 97.4M 1s
  3850K .......... .......... .......... .......... .......... 21% 98.9M 1s
  3900K .......... .......... .......... .......... .......... 21%  100M 0s
  3950K .......... .......... .......... .......... .......... 21% 96.9M 0s
  4000K .......... .......... .......... .......... .......... 21% 96.9M 0s
  4050K .......... .......... .......... .......... .......... 22%  104M 0s
  4100K .......... .......... .......... .......... .......... 22% 3.66M 1s
  4150K .......... .......... .......... .......... .......... 22% 93.5M 1s
  4200K .......... .......... .......... .......... .......... 22% 96.7M 1s
  4250K .......... .......... .......... .......... .......... 23% 95.7M 1s
  4300K .......... .......... .......... .......... .......... 23% 97.2M 0s
  4350K .......... .......... .......... .......... .......... 23% 94.8M 0s
  4400K .......... .......... .......... .......... .......... 24% 86.2M 0s
  4450K .......... .......... .......... .......... .......... 24% 90.6M 0s
  4500K .......... .......... .......... .......... .......... 24%  105M 0s
  4550K .......... .......... .......... .......... .......... 24% 8.12M 0s
  4600K .......... .......... .......... .......... .......... 25% 65.9M 0s
  4650K .......... .......... .......... .......... .......... 25% 83.6M 0s
  4700K .......... .......... .......... .......... .......... 25% 62.5M 0s
  4750K .......... .......... .......... .......... .......... 25% 86.8M 0s
  4800K .......... .......... .......... .......... .......... 26% 95.5M 0s
  4850K .......... .......... .......... .......... .......... 26% 86.3M 0s
  4900K .......... .......... .......... .......... .......... 26% 3.07M 0s
  4950K .......... .......... .......... .......... .......... 27%  104M 0s
  5000K .......... .......... .......... .......... .......... 27% 87.1M 0s
  5050K .......... .......... .......... .......... .......... 27% 96.5M 0s
  5100K .......... .......... .......... .......... .......... 27% 97.2M 0s
  5150K .......... .......... .......... .......... .......... 28% 94.7M 0s
  5200K .......... .......... .......... .......... .......... 28% 71.1M 0s
  5250K .......... .......... .......... .......... .......... 28% 95.4M 0s
  5300K .......... .......... .......... .......... .......... 28% 96.8M 0s
  5350K .......... .......... .......... .......... .......... 29% 8.24M 0s
  5400K .......... .......... .......... .......... .......... 29% 92.6M 0s
  5450K .......... .......... .......... .......... .......... 29% 28.4M 0s
  5500K .......... .......... .......... .......... .......... 30% 96.5M 0s
  5550K .......... .......... .......... .......... .......... 30% 95.1M 0s
  5600K .......... .......... .......... .......... .......... 30% 97.3M 0s
  5650K .......... .......... .......... .......... .......... 30% 98.2M 0s
  5700K .......... .......... .......... .......... .......... 31% 57.8M 0s
  5750K .......... .......... .......... .......... .......... 31% 9.54M 0s
  5800K .......... .......... .......... .......... .......... 31%  102M 0s
  5850K .......... .......... .......... .......... .......... 31% 2.54M 0s
  5900K .......... .......... .......... .......... .......... 32% 95.6M 0s
  5950K .......... .......... .......... .......... .......... 32% 95.4M 0s
  6000K .......... .......... .......... .......... .......... 32% 82.0M 0s
  6050K .......... .......... .......... .......... .......... 32% 35.0M 0s
  6100K .......... .......... .......... .......... .......... 33%  298M 0s
  6150K .......... .......... .......... .......... .......... 33%  309M 0s
  6200K .......... .......... .......... .......... .......... 33%  337M 0s
  6250K .......... .......... .......... .......... .......... 34%  294M 0s
  6300K .......... .......... .......... .......... .......... 34%  293M 0s
  6350K .......... .......... .......... .......... .......... 34%  310M 0s
  6400K .......... .......... .......... .......... .......... 34%  318M 0s
  6450K .......... .......... .......... .......... .......... 35%  318M 0s
  6500K .......... .......... .......... .......... .......... 35%  117M 0s
  6550K .......... .......... .......... .......... .......... 35%  311M 0s
  6600K .......... .......... .......... .......... .......... 35%  318M 0s
  6650K .......... .......... .......... .......... .......... 36%  351M 0s
  6700K .......... .......... .......... .......... .......... 36%  317M 0s
  6750K .......... .......... .......... .......... .......... 36%  313M 0s
  6800K .......... .......... .......... .......... .......... 37%  307M 0s
  6850K .......... .......... .......... .......... .......... 37%  313M 0s
  6900K .......... .......... .......... .......... .......... 37%  319M 0s
  6950K .......... .......... .......... .......... .......... 37%  315M 0s
  7000K .......... .......... .......... .......... .......... 38% 96.6M 0s
  7050K .......... .......... .......... .......... .......... 38%  305M 0s
  7100K .......... .......... .......... .......... .......... 38%  321M 0s
  7150K .......... .......... .......... .......... .......... 38%  315M 0s
  7200K .......... .......... .......... .......... .......... 39%  317M 0s
  7250K .......... .......... .......... .......... .......... 39%  313M 0s
  7300K .......... .......... .......... .......... .......... 39%  320M 0s
  7350K .......... .......... .......... .......... .......... 40% 49.5M 0s
  7400K .......... .......... .......... .......... .......... 40%  313M 0s
  7450K .......... .......... .......... .......... .......... 40%  362M 0s
  7500K .......... .......... .......... .......... .......... 40%  355M 0s
  7550K .......... .......... .......... .......... .......... 41%  317M 0s
  7600K .......... .......... .......... .......... .......... 41%  306M 0s
  7650K .......... .......... .......... .......... .......... 41%  320M 0s
  7700K .......... .......... .......... .......... .......... 41%  319M 0s
  7750K .......... .......... .......... .......... .......... 42% 4.65M 0s
  7800K .......... .......... .......... .......... .......... 42% 4.90M 0s
  7850K .......... .......... .......... .......... .......... 42% 98.0M 0s
  7900K .......... .......... .......... .......... .......... 42% 78.6M 0s
  7950K .......... .......... .......... .......... .......... 43% 78.2M 0s
  8000K .......... .......... .......... .......... .......... 43% 35.0M 0s
  8050K .......... .......... .......... .......... .......... 43% 98.3M 0s
  8100K .......... .......... .......... .......... .......... 44% 7.32M 0s
  8150K .......... .......... .......... .......... .......... 44% 92.7M 0s
  8200K .......... .......... .......... .......... .......... 44% 95.6M 0s
  8250K .......... .......... .......... .......... .......... 44% 64.2M 0s
  8300K .......... .......... .......... .......... .......... 45%  100M 0s
  8350K .......... .......... .......... .......... .......... 45%  112M 0s
  8400K .......... .......... .......... .......... .......... 45% 99.0M 0s
  8450K .......... .......... .......... .......... .......... 45% 96.1M 0s
  8500K .......... .......... .......... .......... .......... 46% 96.3M 0s
  8550K .......... .......... .......... .......... .......... 46% 98.1M 0s
  8600K .......... .......... .......... .......... .......... 46% 95.3M 0s
  8650K .......... .......... .......... .......... .......... 47% 10.9M 0s
  8700K .......... .......... .......... .......... .......... 47% 96.3M 0s
  8750K .......... .......... .......... .......... .......... 47% 5.17M 0s
  8800K .......... .......... .......... .......... .......... 47% 97.3M 0s
  8850K .......... .......... .......... .......... .......... 48% 82.0M 0s
  8900K .......... .......... .......... .......... .......... 48% 83.2M 0s
  8950K .......... .......... .......... .......... .......... 48% 96.2M 0s
  9000K .......... .......... .......... .......... .......... 48% 6.28M 0s
  9050K .......... .......... .......... .......... .......... 49% 95.5M 0s
  9100K .......... .......... .......... .......... .......... 49% 97.3M 0s
  9150K .......... .......... .......... .......... .......... 49%  104M 0s
  9200K .......... .......... .......... .......... .......... 50%  103M 0s
  9250K .......... .......... .......... .......... .......... 50% 97.1M 0s
  9300K .......... .......... .......... .......... .......... 50% 97.5M 0s
  9350K .......... .......... .......... .......... .......... 50% 66.3M 0s
  9400K .......... .......... .......... .......... .......... 51% 96.4M 0s
  9450K .......... .......... .......... .......... .......... 51% 95.7M 0s
  9500K .......... .......... .......... .......... .......... 51% 96.2M 0s
  9550K .......... .......... .......... .......... .......... 51% 96.8M 0s
  9600K .......... .......... .......... .......... .......... 52% 3.43M 0s
  9650K .......... .......... .......... .......... .......... 52% 94.3M 0s
  9700K .......... .......... .......... .......... .......... 52% 91.2M 0s
  9750K .......... .......... .......... .......... .......... 53% 95.0M 0s
  9800K .......... .......... .......... .......... .......... 53% 24.0M 0s
  9850K .......... .......... .......... .......... .......... 53% 98.2M 0s
  9900K .......... .......... .......... .......... .......... 53% 7.76M 0s
  9950K .......... .......... .......... .......... .......... 54% 98.4M 0s
 10000K .......... .......... .......... .......... .......... 54% 64.2M 0s
 10050K .......... .......... .......... .......... .......... 54% 42.2M 0s
 10100K .......... .......... .......... .......... .......... 54% 97.0M 0s
 10150K .......... .......... .......... .......... .......... 55% 73.5M 0s
 10200K .......... .......... .......... .......... .......... 55% 96.9M 0s
 10250K .......... .......... .......... .......... .......... 55% 3.01M 0s
 10300K .......... .......... .......... .......... .......... 55% 86.2M 0s
 10350K .......... .......... .......... .......... .......... 56% 97.0M 0s
 10400K .......... .......... .......... .......... .......... 56% 5.89M 0s
 10450K .......... .......... .......... .......... .......... 56%  107M 0s
 10500K .......... .......... .......... .......... .......... 57% 97.3M 0s
 10550K .......... .......... .......... .......... .......... 57% 97.5M 0s
 10600K .......... .......... .......... .......... .......... 57% 89.8M 0s
 10650K .......... .......... .......... .......... .......... 57% 98.5M 0s
 10700K .......... .......... .......... .......... .......... 58% 79.7M 0s
 10750K .......... .......... .......... .......... .......... 58% 78.6M 0s
 10800K .......... .......... .......... .......... .......... 58% 97.8M 0s
 10850K .......... .......... .......... .......... .......... 58%  102M 0s
 10900K .......... .......... .......... .......... .......... 59%  112M 0s
 10950K .......... .......... .......... .......... .......... 59% 98.2M 0s
 11000K .......... .......... .......... .......... .......... 59% 96.3M 0s
 11050K .......... .......... .......... .......... .......... 60% 94.8M 0s
 11100K .......... .......... .......... .......... .......... 60% 95.2M 0s
 11150K .......... .......... .......... .......... .......... 60% 16.7M 0s
 11200K .......... .......... .......... .......... .......... 60% 97.4M 0s
 11250K .......... .......... .......... .......... .......... 61% 83.1M 0s
 11300K .......... .......... .......... .......... .......... 61%  108M 0s
 11350K .......... .......... .......... .......... .......... 61% 5.78M 0s
 11400K .......... .......... .......... .......... .......... 61% 4.81M 0s
 11450K .......... .......... .......... .......... .......... 62% 84.8M 0s
 11500K .......... .......... .......... .......... .......... 62% 71.6M 0s
 11550K .......... .......... .......... .......... .......... 62% 81.8M 0s
 11600K .......... .......... .......... .......... .......... 63% 6.14M 0s
 11650K .......... .......... .......... .......... .......... 63% 96.1M 0s
 11700K .......... .......... .......... .......... .......... 63%  103M 0s
 11750K .......... .......... .......... .......... .......... 63%  113M 0s
 11800K .......... .......... .......... .......... .......... 64% 97.8M 0s
 11850K .......... .......... .......... .......... .......... 64% 99.0M 0s
 11900K .......... .......... .......... .......... .......... 64% 98.9M 0s
 11950K .......... .......... .......... .......... .......... 64% 92.6M 0s
 12000K .......... .......... .......... .......... .......... 65% 97.4M 0s
 12050K .......... .......... .......... .......... .......... 65% 30.8M 0s
 12100K .......... .......... .......... .......... .......... 65% 95.5M 0s
 12150K .......... .......... .......... .......... .......... 65% 77.2M 0s
 12200K .......... .......... .......... .......... .......... 66% 97.0M 0s
 12250K .......... .......... .......... .......... .......... 66% 14.8M 0s
 12300K .......... .......... .......... .......... .......... 66% 97.7M 0s
 12350K .......... .......... .......... .......... .......... 67% 84.6M 0s
 12400K .......... .......... .......... .......... .......... 67% 88.2M 0s
 12450K .......... .......... .......... .......... .......... 67% 6.22M 0s
 12500K .......... .......... .......... .......... .......... 67% 97.5M 0s
 12550K .......... .......... .......... .......... .......... 68% 1.54M 0s
 12600K .......... .......... .......... .......... .......... 68%  107M 0s
 12650K .......... .......... .......... .......... .......... 68% 94.6M 0s
 12700K .......... .......... .......... .......... .......... 68% 95.1M 0s
 12750K .......... .......... .......... .......... .......... 69% 96.8M 0s
 12800K .......... .......... .......... .......... .......... 69% 8.42M 0s
 12850K .......... .......... .......... .......... .......... 69% 96.8M 0s
 12900K .......... .......... .......... .......... .......... 70% 73.6M 0s
 12950K .......... .......... .......... .......... .......... 70% 92.3M 0s
 13000K .......... .......... .......... .......... .......... 70% 66.8M 0s
 13050K .......... .......... .......... .......... .......... 70% 95.0M 0s
 13100K .......... .......... .......... .......... .......... 71% 99.1M 0s
 13150K .......... .......... .......... .......... .......... 71%  100M 0s
 13200K .......... .......... .......... .......... .......... 71% 96.8M 0s
 13250K .......... .......... .......... .......... .......... 71% 98.2M 0s
 13300K .......... .......... .......... .......... .......... 72% 9.17M 0s
 13350K .......... .......... .......... .......... .......... 72% 95.7M 0s
 13400K .......... .......... .......... .......... .......... 72% 76.6M 0s
 13450K .......... .......... .......... .......... .......... 73% 35.0M 0s
 13500K .......... .......... .......... .......... .......... 73% 2.81M 0s
 13550K .......... .......... .......... .......... .......... 73% 93.6M 0s
 13600K .......... .......... .......... .......... .......... 73% 98.8M 0s
 13650K .......... .......... .......... .......... .......... 74% 79.1M 0s
 13700K .......... .......... .......... .......... .......... 74% 80.5M 0s
 13750K .......... .......... .......... .......... .......... 74% 97.9M 0s
 13800K .......... .......... .......... .......... .......... 74% 72.2M 0s
 13850K .......... .......... .......... .......... .......... 75%  109M 0s
 13900K .......... .......... .......... .......... .......... 75% 96.9M 0s
 13950K .......... .......... .......... .......... .......... 75% 98.3M 0s
 14000K .......... .......... .......... .......... .......... 75% 6.30M 0s
 14050K .......... .......... .......... .......... .......... 76% 96.3M 0s
 14100K .......... .......... .......... .......... .......... 76% 98.5M 0s
 14150K .......... .......... .......... .......... .......... 76% 92.1M 0s
 14200K .......... .......... .......... .......... .......... 77% 98.4M 0s
 14250K .......... .......... .......... .......... .......... 77%  104M 0s
 14300K .......... .......... .......... .......... .......... 77%  110M 0s
 14350K .......... .......... .......... .......... .......... 77% 96.5M 0s
 14400K .......... .......... .......... .......... .......... 78% 99.4M 0s
 14450K .......... .......... .......... .......... .......... 78% 14.1M 0s
 14500K .......... .......... .......... .......... .......... 78% 86.0M 0s
 14550K .......... .......... .......... .......... .......... 78% 94.2M 0s
 14600K .......... .......... .......... .......... .......... 79% 98.8M 0s
 14650K .......... .......... .......... .......... .......... 79%  100M 0s
 14700K .......... .......... .......... .......... .......... 79% 2.55M 0s
 14750K .......... .......... .......... .......... .......... 80% 78.6M 0s
 14800K .......... .......... .......... .......... .......... 80% 6.00M 0s
 14850K .......... .......... .......... .......... .......... 80% 94.8M 0s
 14900K .......... .......... .......... .......... .......... 80% 94.6M 0s
 14950K .......... .......... .......... .......... .......... 81% 97.2M 0s
 15000K .......... .......... .......... .......... .......... 81% 96.6M 0s
 15050K .......... .......... .......... .......... .......... 81% 96.4M 0s
 15100K .......... .......... .......... .......... .......... 81%  101M 0s
 15150K .......... .......... .......... .......... .......... 82%  111M 0s
 15200K .......... .......... .......... .......... .......... 82% 93.7M 0s
 15250K .......... .......... .......... .......... .......... 82% 97.4M 0s
 15300K .......... .......... .......... .......... .......... 83% 8.63M 0s
 15350K .......... .......... .......... .......... .......... 83% 95.1M 0s
 15400K .......... .......... .......... .......... .......... 83% 97.1M 0s
 15450K .......... .......... .......... .......... .......... 83% 95.0M 0s
 15500K .......... .......... .......... .......... .......... 84% 81.4M 0s
 15550K .......... .......... .......... .......... .......... 84%  107M 0s
 15600K .......... .......... .......... .......... .......... 84% 93.4M 0s
 15650K .......... .......... .......... .......... .......... 84% 7.20M 0s
 15700K .......... .......... .......... .......... .......... 85% 95.6M 0s
 15750K .......... .......... .......... .......... .......... 85% 5.25M 0s
 15800K .......... .......... .......... .......... .......... 85% 94.6M 0s
 15850K .......... .......... .......... .......... .......... 85% 5.15M 0s
 15900K .......... .......... .......... .......... .......... 86% 94.9M 0s
 15950K .......... .......... .......... .......... .......... 86%  101M 0s
 16000K .......... .......... .......... .......... .......... 86%  109M 0s
 16050K .......... .......... .......... .......... .......... 87% 96.2M 0s
 16100K .......... .......... .......... .......... .......... 87% 96.1M 0s
 16150K .......... .......... .......... .......... .......... 87% 95.1M 0s
 16200K .......... .......... .......... .......... .......... 87% 95.6M 0s
 16250K .......... .......... .......... .......... .......... 88% 96.0M 0s
 16300K .......... .......... .......... .......... .......... 88% 95.0M 0s
 16350K .......... .......... .......... .......... .......... 88% 96.1M 0s
 16400K .......... .......... .......... .......... .......... 88%  109M 0s
 16450K .......... .......... .......... .......... .......... 89% 95.2M 0s
 16500K .......... .......... .......... .......... .......... 89% 97.2M 0s
 16550K .......... .......... .......... .......... .......... 89% 95.9M 0s
 16600K .......... .......... .......... .......... .......... 90% 94.2M 0s
 16650K .......... .......... .......... .......... .......... 90% 97.0M 0s
 16700K .......... .......... .......... .......... .......... 90% 95.0M 0s
 16750K .......... .......... .......... .......... .......... 90% 30.5M 0s
 16800K .......... .......... .......... .......... .......... 91% 99.8M 0s
 16850K .......... .......... .......... .......... .......... 91% 5.21M 0s
 16900K .......... .......... .......... .......... .......... 91% 94.4M 0s
 16950K .......... .......... .......... .......... .......... 91% 94.1M 0s
 17000K .......... .......... .......... .......... .......... 92% 6.60M 0s
 17050K .......... .......... .......... .......... .......... 92% 93.7M 0s
 17100K .......... .......... .......... .......... .......... 92% 4.41M 0s
 17150K .......... .......... .......... .......... .......... 93% 93.4M 0s
 17200K .......... .......... .......... .......... .......... 93% 96.0M 0s
 17250K .......... .......... .......... .......... .......... 93%  108M 0s
 17300K .......... .......... .......... .......... .......... 93% 96.5M 0s
 17350K .......... .......... .......... .......... .......... 94% 96.3M 0s
 17400K .......... .......... .......... .......... .......... 94% 95.3M 0s
 17450K .......... .......... .......... .......... .......... 94% 97.0M 0s
 17500K .......... .......... .......... .......... .......... 94% 96.2M 0s
 17550K .......... .......... .......... .......... .......... 95% 94.9M 0s
 17600K .......... .......... .......... .......... .......... 95% 95.5M 0s
 17650K .......... .......... .......... .......... .......... 95%  102M 0s
 17700K .......... .......... .......... .......... .......... 95%  110M 0s
 17750K .......... .......... .......... .......... .......... 96% 97.5M 0s
 17800K .......... .......... .......... .......... .......... 96% 95.7M 0s
 17850K .......... .......... .......... .......... .......... 96% 96.0M 0s
 17900K .......... .......... .......... .......... .......... 97% 94.1M 0s
 17950K .......... .......... .......... .......... .......... 97% 94.5M 0s
 18000K .......... .......... .......... .......... .......... 97% 96.0M 0s
 18050K .......... .......... .......... .......... .......... 97% 96.4M 0s
 18100K .......... .......... .......... .......... .......... 98% 4.64M 0s
 18150K .......... .......... .......... .......... .......... 98% 94.1M 0s
 18200K .......... .......... .......... .......... .......... 98% 6.59M 0s
 18250K .......... .......... .......... .......... .......... 98% 92.6M 0s
 18300K .......... .......... .......... .......... .......... 99% 86.9M 0s
 18350K .......... .......... .......... .......... .......... 99% 88.2M 0s
 18400K .......... .......... .......... .......... .......... 99% 4.61M 0s
 18450K .......... .......... .......... .........            100%  106M=0.7s

2023-12-16 10:48:58 (27.7 MB/s) - ‘/tmp/platform-engine.zip’ saved [18933646/18933646]

Archive:  /tmp/platform-engine.zip
  inflating: /opt/elasticbeanstalk/bin/platform-engine  
  inflating: /opt/elasticbeanstalk/bin/publishlogs  
  inflating: /opt/elasticbeanstalk/bin/get-config  
  inflating: /opt/elasticbeanstalk/config/private/aws-eb-command-handler.conf  
  inflating: /opt/elasticbeanstalk/config/private/cfn-hup-wrapper  
  inflating: /opt/elasticbeanstalk/config/private/cfn-hup.conf.template  
  inflating: /opt/elasticbeanstalk/config/private/containercommandsupport/container-defaults.sh  
  inflating: /opt/elasticbeanstalk/config/private/containercommandsupport/leader-test.sh  
  inflating: /opt/elasticbeanstalk/config/private/eb-banner.template  
  inflating: /opt/elasticbeanstalk/config/private/guidlocking/repo.py  
  inflating: /opt/elasticbeanstalk/config/private/healthd/config.yaml.template  
  inflating: /opt/elasticbeanstalk/config/private/healthd/healthd_httpd.conf  
  inflating: /opt/elasticbeanstalk/config/private/healthd/healthd_logformat.conf  
  inflating: /opt/elasticbeanstalk/config/private/healthd/healthd_nginx.conf  
  inflating: /opt/elasticbeanstalk/config/private/healthd/logcleanup-cron.template  
  inflating: /opt/elasticbeanstalk/config/private/healthd/healthddependency  
  inflating: /opt/elasticbeanstalk/config/private/httpd/applicationport.conf.template  
  inflating: /opt/elasticbeanstalk/config/private/httpd/gzip.conf  
  inflating: /opt/elasticbeanstalk/config/private/httpd/staticfilesmapping.conf.template  
  inflating: /opt/elasticbeanstalk/config/private/httpd/httpd.conf.template  
  inflating: /opt/elasticbeanstalk/config/private/logrotate/logrotate-cron.template  
  inflating: /opt/elasticbeanstalk/config/private/logrotate/logrotate.template  
  inflating: /opt/elasticbeanstalk/config/private/logtasks/cron/publishlogs  
  inflating: /opt/elasticbeanstalk/config/private/nginx/applicationport.conf.template  
  inflating: /opt/elasticbeanstalk/config/private/nginx/nginx.conf.template  
  inflating: /opt/elasticbeanstalk/config/private/nginx/staticfilesmapping.conf.template  
  inflating: /opt/elasticbeanstalk/config/private/python/sitecustomize.py  
 extracting: /opt/elasticbeanstalk/config/private/restartcfn.sh  
  inflating: /opt/elasticbeanstalk/config/private/restartcloudwatchagent.sh  
  inflating: /opt/elasticbeanstalk/config/private/rsyslog.conf.template  
  inflating: /opt/elasticbeanstalk/config/private/ruby_common_env  
  inflating: /opt/elasticbeanstalk/config/private/sqsd/default.yaml.template  
  inflating: /opt/elasticbeanstalk/config/private/sqsd/sqsdversion.json  
  inflating: /opt/elasticbeanstalk/config/private/systemd-append.template  
 extracting: /opt/elasticbeanstalk/config/private/aws-eb.target  
  inflating: /opt/elasticbeanstalk/config/private/systemd.template  
  inflating: /opt/elasticbeanstalk/tasks/bundlelogs.d/cfn-system.conf  
 extracting: /opt/elasticbeanstalk/tasks/bundlelogs.d/cloud-init-system.conf  
  inflating: /opt/elasticbeanstalk/tasks/bundlelogs.d/eb-app.conf  
 extracting: /opt/elasticbeanstalk/tasks/bundlelogs.d/eb-hooks.conf  
  inflating: /opt/elasticbeanstalk/tasks/bundlelogs.d/eb-system.conf  
 extracting: /opt/elasticbeanstalk/tasks/bundlelogs.d/rotate.conf  
  inflating: /opt/elasticbeanstalk/tasks/bundlelogs.d/system.conf  
 extracting: /opt/elasticbeanstalk/tasks/publishlogs.d/eb-app.conf  
  inflating: /opt/elasticbeanstalk/tasks/taillogs.d/eb-app.conf  
  inflating: /opt/elasticbeanstalk/tasks/taillogs.d/eb-engine.conf  
[2023-12-16T10:49:09.129Z] Successfully bootstrapped instance.
[2023-12-16T10:49:09.161Z] Sending signal 0 to CFN wait condition https://cloudformation-waitcondition-eu-central-1.s3.eu-central-1.amazonaws.com/arn%3Aaws%3Acloudformation%3Aeu-central-1%3A631114215026%3Astack/awseb-e-2ppg23ttnq-stack/82ba3b00-9c00-11ee-8540-06d8b0529f5d/AWSEBInstanceLaunchWaitHandle?X-Amz-Algorithm=AWS4-HMAC-SHA256&X-Amz-Date=20231216T104734Z&X-Amz-SignedHeaders=host&X-Amz-Expires=86399&X-Amz-Credential=AKIAYYGVRKE7CKDBHLUS%2F20231216%2Feu-central-1%2Fs3%2Faws4_request&X-Amz-Signature=cf7c46a8bcd8321f0f5dcc3dcabd45f6d6c872787760ecd77a177a5f2caef05f
CloudFormation signaled successfully with status SUCCESS
[2023-12-16T10:49:10.224Z] Tailing /var/log/eb-commandprocessor.log

******************* eb-commandprocessor taillog *******************
***eb-commandprocessor is not available yet.***
******************* End of taillog *******************


[2023-12-16T10:49:10.260Z] Tailing /var/log/eb-activity.log

******************* eb-activity taillog *******************
***eb-activity is not available yet.***
******************* End of taillog *******************


[2023-12-16T10:49:10.300Z] Tailing /var/log/eb-tools.log

******************* eb-tools taillog *******************
***eb-tools is not available yet.***
******************* End of taillog *******************


[2023-12-16T10:49:10.350Z] Tailing /var/log/eb-version-deployment.log

******************* eb-version-deployment taillog *******************
***eb-version-deployment is not available yet.***
******************* End of taillog *******************


[2023-12-16T10:49:10.370Z] Tailing /var/log/cfn-init.log

******************* cfn-init taillog *******************
2023-12-16 10:48:56,862 [INFO] -----------------------Starting build-----------------------
2023-12-16 10:48:56,880 [INFO] Running configSets: _OnInstanceBoot
2023-12-16 10:48:56,882 [INFO] Running configSet _OnInstanceBoot
2023-12-16 10:48:56,885 [INFO] Running config AWSEBBaseConfig
2023-12-16 10:48:57,525 [INFO] Command clearbackupfiles succeeded
2023-12-16 10:48:57,530 [INFO] Running config AWSEBCfnHupEndpointOverride
2023-12-16 10:48:57,541 [INFO] Command clearbackupfiles succeeded
2023-12-16 10:48:57,543 [INFO] ConfigSets completed
2023-12-16 10:48:57,543 [INFO] -----------------------Build complete-----------------------
******************* End of taillog *******************


[2023-12-16T10:49:10.400Z] Tailing /var/log/cfn-hup.log

******************* cfn-hup taillog *******************
2023-12-16 10:49:10,031 [DEBUG] CloudFormation client initialized with endpoint https://cloudformation.eu-central-1.amazonaws.com
2023-12-16 10:49:10,032 [DEBUG] SQS client initialized with endpoint https://sqs.eu-central-1.amazonaws.com
2023-12-16 10:49:10,032 [DEBUG] CloudFormation client initialized with endpoint https://cloudformation.eu-central-1.amazonaws.com
2023-12-16 10:49:10,032 [DEBUG] Enabled single threading mode.
2023-12-16 10:49:10,032 [DEBUG] Creating /var/lib/cfn-hup/data
2023-12-16 10:49:10,042 [INFO] No umask value specified in config file. Using the default one: 0o22
******************* End of taillog *******************


[2023-12-16T10:49:10.454Z] Completed EB Bootstrapping Script.
+ RESULT=0
+ [[ 0 -ne 0 ]]
+ exit 0
